{"/Users/ryanhansen/Documents/elevatejs/redux-rtc/src/index.js": {"path":"/Users/ryanhansen/Documents/elevatejs/redux-rtc/src/index.js","statementMap":{"0":{"start":{"line":1,"column":0},"end":{"line":1,"column":24}},"1":{"start":{"line":3,"column":18},"end":{"line":3,"column":52}},"2":{"start":{"line":4,"column":12},"end":{"line":4,"column":40}},"3":{"start":{"line":5,"column":26},"end":{"line":5,"column":53}},"4":{"start":{"line":7,"column":0},"end":{"line":12,"column":1}}},"fnMap":{},"branchMap":{},"s":{"0":2,"1":2,"2":2,"3":2,"4":2},"f":{},"b":{},"_coverageSchema":"332fd63041d2c1bcb487cc26dd0d5f7d97098a6c","hash":"f7208470ba9d85b75c0630ecbaefae0a958dce38"}
,"/Users/ryanhansen/Documents/elevatejs/redux-rtc/src/actions/actions.js": {"path":"/Users/ryanhansen/Documents/elevatejs/redux-rtc/src/actions/actions.js","statementMap":{"0":{"start":{"line":1,"column":20},"end":{"line":3,"column":2}},"1":{"start":{"line":1,"column":28},"end":{"line":3,"column":2}},"2":{"start":{"line":1,"column":40},"end":{"line":3,"column":1}},"3":{"start":{"line":5,"column":23},"end":{"line":11,"column":1}},"4":{"start":{"line":6,"column":4},"end":{"line":6,"column":41}},"5":{"start":{"line":7,"column":4},"end":{"line":7,"column":43}},"6":{"start":{"line":8,"column":4},"end":{"line":8,"column":45}},"7":{"start":{"line":9,"column":4},"end":{"line":9,"column":39}},"8":{"start":{"line":10,"column":4},"end":{"line":10,"column":15}},"9":{"start":{"line":13,"column":19},"end":{"line":18,"column":1}},"10":{"start":{"line":20,"column":0},"end":{"line":22,"column":1}}},"fnMap":{"0":{"name":"(anonymous_0)","decl":{"start":{"line":1,"column":20},"end":{"line":1,"column":21}},"loc":{"start":{"line":1,"column":28},"end":{"line":3,"column":2}}},"1":{"name":"(anonymous_1)","decl":{"start":{"line":1,"column":28},"end":{"line":1,"column":29}},"loc":{"start":{"line":1,"column":40},"end":{"line":3,"column":1}}},"2":{"name":"(anonymous_2)","decl":{"start":{"line":5,"column":23},"end":{"line":5,"column":24}},"loc":{"start":{"line":5,"column":30},"end":{"line":11,"column":1}}}},"branchMap":{},"s":{"0":3,"1":12,"2":14,"3":3,"4":3,"5":3,"6":3,"7":3,"8":3,"9":3,"10":3},"f":{"0":12,"1":14,"2":3},"b":{},"_coverageSchema":"332fd63041d2c1bcb487cc26dd0d5f7d97098a6c","hash":"62725ce7cbd2fd4f8211e1ebf45a932ac82c0cde"}
,"/Users/ryanhansen/Documents/elevatejs/redux-rtc/src/actions/thunks.js": {"path":"/Users/ryanhansen/Documents/elevatejs/redux-rtc/src/actions/thunks.js","statementMap":{"0":{"start":{"line":1,"column":23},"end":{"line":1,"column":43}},"1":{"start":{"line":2,"column":34},"end":{"line":2,"column":61}},"2":{"start":{"line":4,"column":15},"end":{"line":22,"column":1}},"3":{"start":{"line":5,"column":4},"end":{"line":21,"column":5}},"4":{"start":{"line":6,"column":25},"end":{"line":6,"column":62}},"5":{"start":{"line":6,"column":30},"end":{"line":6,"column":62}},"6":{"start":{"line":8,"column":8},"end":{"line":8,"column":39}},"7":{"start":{"line":10,"column":8},"end":{"line":20,"column":11}},"8":{"start":{"line":12,"column":12},"end":{"line":12,"column":53}},"9":{"start":{"line":12,"column":36},"end":{"line":12,"column":52}},"10":{"start":{"line":13,"column":12},"end":{"line":16,"column":16}},"11":{"start":{"line":19,"column":12},"end":{"line":19,"column":44}},"12":{"start":{"line":24,"column":14},"end":{"line":42,"column":1}},"13":{"start":{"line":25,"column":4},"end":{"line":41,"column":5}},"14":{"start":{"line":26,"column":25},"end":{"line":26,"column":62}},"15":{"start":{"line":26,"column":30},"end":{"line":26,"column":62}},"16":{"start":{"line":28,"column":8},"end":{"line":28,"column":39}},"17":{"start":{"line":30,"column":8},"end":{"line":40,"column":11}},"18":{"start":{"line":32,"column":12},"end":{"line":32,"column":53}},"19":{"start":{"line":32,"column":36},"end":{"line":32,"column":52}},"20":{"start":{"line":33,"column":12},"end":{"line":36,"column":16}},"21":{"start":{"line":39,"column":12},"end":{"line":39,"column":44}},"22":{"start":{"line":44,"column":0},"end":{"line":47,"column":1}}},"fnMap":{"0":{"name":"(anonymous_0)","decl":{"start":{"line":4,"column":15},"end":{"line":4,"column":16}},"loc":{"start":{"line":4,"column":28},"end":{"line":22,"column":1}}},"1":{"name":"(anonymous_1)","decl":{"start":{"line":5,"column":11},"end":{"line":5,"column":12}},"loc":{"start":{"line":5,"column":25},"end":{"line":21,"column":5}}},"2":{"name":"(anonymous_2)","decl":{"start":{"line":6,"column":25},"end":{"line":6,"column":26}},"loc":{"start":{"line":6,"column":30},"end":{"line":6,"column":62}}},"3":{"name":"(anonymous_3)","decl":{"start":{"line":11,"column":14},"end":{"line":11,"column":15}},"loc":{"start":{"line":11,"column":22},"end":{"line":17,"column":9}}},"4":{"name":"(anonymous_4)","decl":{"start":{"line":12,"column":29},"end":{"line":12,"column":30}},"loc":{"start":{"line":12,"column":36},"end":{"line":12,"column":52}}},"5":{"name":"(anonymous_5)","decl":{"start":{"line":18,"column":15},"end":{"line":18,"column":16}},"loc":{"start":{"line":18,"column":22},"end":{"line":20,"column":9}}},"6":{"name":"(anonymous_6)","decl":{"start":{"line":24,"column":14},"end":{"line":24,"column":15}},"loc":{"start":{"line":24,"column":27},"end":{"line":42,"column":1}}},"7":{"name":"(anonymous_7)","decl":{"start":{"line":25,"column":11},"end":{"line":25,"column":12}},"loc":{"start":{"line":25,"column":25},"end":{"line":41,"column":5}}},"8":{"name":"(anonymous_8)","decl":{"start":{"line":26,"column":25},"end":{"line":26,"column":26}},"loc":{"start":{"line":26,"column":30},"end":{"line":26,"column":62}}},"9":{"name":"(anonymous_9)","decl":{"start":{"line":31,"column":14},"end":{"line":31,"column":15}},"loc":{"start":{"line":31,"column":22},"end":{"line":37,"column":9}}},"10":{"name":"(anonymous_10)","decl":{"start":{"line":32,"column":29},"end":{"line":32,"column":30}},"loc":{"start":{"line":32,"column":36},"end":{"line":32,"column":52}}},"11":{"name":"(anonymous_11)","decl":{"start":{"line":38,"column":15},"end":{"line":38,"column":16}},"loc":{"start":{"line":38,"column":22},"end":{"line":40,"column":9}}}},"branchMap":{},"s":{"0":2,"1":2,"2":2,"3":2,"4":2,"5":0,"6":2,"7":2,"8":1,"9":0,"10":1,"11":1,"12":2,"13":2,"14":2,"15":0,"16":2,"17":2,"18":1,"19":0,"20":1,"21":1,"22":2},"f":{"0":2,"1":2,"2":0,"3":1,"4":0,"5":1,"6":2,"7":2,"8":0,"9":1,"10":0,"11":1},"b":{},"_coverageSchema":"332fd63041d2c1bcb487cc26dd0d5f7d97098a6c","hash":"52b85bae44ca2d5aa49973027ed05f0176a41dec"}
,"/Users/ryanhansen/Documents/elevatejs/redux-rtc/src/connect/connect.js": {"path":"/Users/ryanhansen/Documents/elevatejs/redux-rtc/src/connect/connect.js","statementMap":{"0":{"start":{"line":1,"column":11},"end":{"line":1,"column":28}},"1":{"start":{"line":2,"column":17},"end":{"line":2,"column":36}},"2":{"start":{"line":4,"column":20},"end":{"line":8,"column":1}},"3":{"start":{"line":10,"column":0},"end":{"line":35,"column":1}},"4":{"start":{"line":13,"column":12},"end":{"line":13,"column":54}},"5":{"start":{"line":14,"column":12},"end":{"line":14,"column":36}},"6":{"start":{"line":15,"column":12},"end":{"line":15,"column":29}},"7":{"start":{"line":16,"column":12},"end":{"line":16,"column":97}},"8":{"start":{"line":17,"column":12},"end":{"line":20,"column":13}},"9":{"start":{"line":23,"column":12},"end":{"line":23,"column":32}},"10":{"start":{"line":26,"column":40},"end":{"line":26,"column":44}},"11":{"start":{"line":27,"column":12},"end":{"line":27,"column":30}},"12":{"start":{"line":33,"column":18},"end":{"line":33,"column":22}},"13":{"start":{"line":34,"column":4},"end":{"line":34,"column":36}},"14":{"start":{"line":34,"column":28},"end":{"line":34,"column":35}},"15":{"start":{"line":37,"column":16},"end":{"line":62,"column":3}},"16":{"start":{"line":37,"column":49},"end":{"line":62,"column":3}},"17":{"start":{"line":37,"column":66},"end":{"line":62,"column":2}},"18":{"start":{"line":38,"column":23},"end":{"line":38,"column":32}},"19":{"start":{"line":39,"column":4},"end":{"line":39,"column":92}},"20":{"start":{"line":39,"column":47},"end":{"line":39,"column":92}},"21":{"start":{"line":41,"column":4},"end":{"line":41,"column":40}},"22":{"start":{"line":42,"column":4},"end":{"line":42,"column":37}},"23":{"start":{"line":44,"column":4},"end":{"line":47,"column":6}},"24":{"start":{"line":49,"column":4},"end":{"line":49,"column":65}},"25":{"start":{"line":49,"column":26},"end":{"line":49,"column":65}},"26":{"start":{"line":51,"column":4},"end":{"line":61,"column":5}},"27":{"start":{"line":52,"column":8},"end":{"line":52,"column":48}},"28":{"start":{"line":53,"column":8},"end":{"line":56,"column":10}},"29":{"start":{"line":55,"column":35},"end":{"line":55,"column":50}},"30":{"start":{"line":58,"column":8},"end":{"line":58,"column":56}},"31":{"start":{"line":59,"column":8},"end":{"line":59,"column":57}},"32":{"start":{"line":60,"column":8},"end":{"line":60,"column":24}},"33":{"start":{"line":64,"column":0},"end":{"line":64,"column":25}}},"fnMap":{"0":{"name":"(anonymous_0)","decl":{"start":{"line":12,"column":8},"end":{"line":12,"column":9}},"loc":{"start":{"line":12,"column":23},"end":{"line":21,"column":9}}},"1":{"name":"(anonymous_1)","decl":{"start":{"line":22,"column":8},"end":{"line":22,"column":9}},"loc":{"start":{"line":22,"column":17},"end":{"line":24,"column":9}}},"2":{"name":"(anonymous_2)","decl":{"start":{"line":25,"column":8},"end":{"line":25,"column":9}},"loc":{"start":{"line":25,"column":20},"end":{"line":28,"column":9}}},"3":{"name":"(anonymous_3)","decl":{"start":{"line":29,"column":8},"end":{"line":29,"column":9}},"loc":{"start":{"line":29,"column":16},"end":{"line":31,"column":9}}},"4":{"name":"(anonymous_4)","decl":{"start":{"line":34,"column":22},"end":{"line":34,"column":23}},"loc":{"start":{"line":34,"column":28},"end":{"line":34,"column":35}}},"5":{"name":"(anonymous_5)","decl":{"start":{"line":37,"column":16},"end":{"line":37,"column":17}},"loc":{"start":{"line":37,"column":49},"end":{"line":62,"column":3}}},"6":{"name":"(anonymous_6)","decl":{"start":{"line":37,"column":59},"end":{"line":37,"column":60}},"loc":{"start":{"line":37,"column":66},"end":{"line":62,"column":2}}},"7":{"name":"(anonymous_7)","decl":{"start":{"line":37,"column":78},"end":{"line":37,"column":79}},"loc":{"start":{"line":37,"column":92},"end":{"line":62,"column":1}}},"8":{"name":"(anonymous_8)","decl":{"start":{"line":55,"column":29},"end":{"line":55,"column":30}},"loc":{"start":{"line":55,"column":35},"end":{"line":55,"column":50}}}},"branchMap":{"0":{"loc":{"start":{"line":10,"column":0},"end":{"line":35,"column":1}},"type":"if","locations":[{"start":{"line":10,"column":0},"end":{"line":35,"column":1}},{"start":{"line":10,"column":0},"end":{"line":35,"column":1}}]},"1":{"loc":{"start":{"line":16,"column":45},"end":{"line":16,"column":96}},"type":"cond-expr","locations":[{"start":{"line":16,"column":84},"end":{"line":16,"column":88}},{"start":{"line":16,"column":91},"end":{"line":16,"column":96}}]},"2":{"loc":{"start":{"line":39,"column":4},"end":{"line":39,"column":92}},"type":"if","locations":[{"start":{"line":39,"column":4},"end":{"line":39,"column":92}},{"start":{"line":39,"column":4},"end":{"line":39,"column":92}}]},"3":{"loc":{"start":{"line":49,"column":4},"end":{"line":49,"column":65}},"type":"if","locations":[{"start":{"line":49,"column":4},"end":{"line":49,"column":65}},{"start":{"line":49,"column":4},"end":{"line":49,"column":65}}]},"4":{"loc":{"start":{"line":51,"column":4},"end":{"line":61,"column":5}},"type":"if","locations":[{"start":{"line":51,"column":4},"end":{"line":61,"column":5}},{"start":{"line":51,"column":4},"end":{"line":61,"column":5}}]}},"s":{"0":2,"1":2,"2":2,"3":2,"4":3,"5":3,"6":3,"7":3,"8":3,"9":1,"10":1,"11":1,"12":2,"13":2,"14":1,"15":2,"16":3,"17":3,"18":3,"19":3,"20":1,"21":2,"22":2,"23":2,"24":2,"25":2,"26":2,"27":1,"28":1,"29":1,"30":1,"31":1,"32":1,"33":2},"f":{"0":3,"1":1,"2":1,"3":1,"4":1,"5":3,"6":3,"7":3,"8":1},"b":{"0":[2,0],"1":[2,1],"2":[1,2],"3":[2,0],"4":[1,1]},"_coverageSchema":"332fd63041d2c1bcb487cc26dd0d5f7d97098a6c","hash":"e8f7ffe86ddaf83f3e11b0c1f497dbc03fb2f8ef"}
,"/Users/ryanhansen/Documents/elevatejs/redux-rtc/src/connect/init.js": {"path":"/Users/ryanhansen/Documents/elevatejs/redux-rtc/src/connect/init.js","statementMap":{"0":{"start":{"line":1,"column":17},"end":{"line":1,"column":36}},"1":{"start":{"line":3,"column":19},"end":{"line":3,"column":76}},"2":{"start":{"line":7,"column":0},"end":{"line":29,"column":3}},"3":{"start":{"line":8,"column":4},"end":{"line":8,"column":67}},"4":{"start":{"line":8,"column":35},"end":{"line":8,"column":67}},"5":{"start":{"line":10,"column":4},"end":{"line":10,"column":29}},"6":{"start":{"line":10,"column":13},"end":{"line":10,"column":29}},"7":{"start":{"line":12,"column":4},"end":{"line":28,"column":7}},"8":{"start":{"line":13,"column":23},"end":{"line":13,"column":55}},"9":{"start":{"line":14,"column":8},"end":{"line":14,"column":42}},"10":{"start":{"line":15,"column":8},"end":{"line":15,"column":22}},"11":{"start":{"line":18,"column":8},"end":{"line":18,"column":32}},"12":{"start":{"line":19,"column":8},"end":{"line":19,"column":29}},"13":{"start":{"line":20,"column":8},"end":{"line":24,"column":9}},"14":{"start":{"line":21,"column":12},"end":{"line":21,"column":44}},"15":{"start":{"line":22,"column":12},"end":{"line":22,"column":37}},"16":{"start":{"line":22,"column":21},"end":{"line":22,"column":37}},"17":{"start":{"line":23,"column":12},"end":{"line":23,"column":22}},"18":{"start":{"line":26,"column":17},"end":{"line":26,"column":25}}},"fnMap":{"0":{"name":"(anonymous_0)","decl":{"start":{"line":7,"column":29},"end":{"line":7,"column":30}},"loc":{"start":{"line":7,"column":43},"end":{"line":29,"column":1}}},"1":{"name":"(anonymous_1)","decl":{"start":{"line":12,"column":16},"end":{"line":12,"column":17}},"loc":{"start":{"line":12,"column":22},"end":{"line":16,"column":5}}},"2":{"name":"(anonymous_2)","decl":{"start":{"line":17,"column":9},"end":{"line":17,"column":10}},"loc":{"start":{"line":17,"column":19},"end":{"line":25,"column":5}}},"3":{"name":"(anonymous_3)","decl":{"start":{"line":20,"column":24},"end":{"line":20,"column":25}},"loc":{"start":{"line":20,"column":30},"end":{"line":24,"column":9}}},"4":{"name":"(anonymous_4)","decl":{"start":{"line":26,"column":10},"end":{"line":26,"column":11}},"loc":{"start":{"line":26,"column":17},"end":{"line":26,"column":25}}},"5":{"name":"(anonymous_5)","decl":{"start":{"line":26,"column":27},"end":{"line":26,"column":28}},"loc":{"start":{"line":26,"column":33},"end":{"line":28,"column":5}}}},"branchMap":{"0":{"loc":{"start":{"line":8,"column":4},"end":{"line":8,"column":67}},"type":"if","locations":[{"start":{"line":8,"column":4},"end":{"line":8,"column":67}},{"start":{"line":8,"column":4},"end":{"line":8,"column":67}}]},"1":{"loc":{"start":{"line":10,"column":4},"end":{"line":10,"column":29}},"type":"if","locations":[{"start":{"line":10,"column":4},"end":{"line":10,"column":29}},{"start":{"line":10,"column":4},"end":{"line":10,"column":29}}]},"2":{"loc":{"start":{"line":22,"column":12},"end":{"line":22,"column":37}},"type":"if","locations":[{"start":{"line":22,"column":12},"end":{"line":22,"column":37}},{"start":{"line":22,"column":12},"end":{"line":22,"column":37}}]}},"s":{"0":2,"1":2,"2":2,"3":2,"4":0,"5":2,"6":0,"7":2,"8":2,"9":2,"10":2,"11":2,"12":2,"13":2,"14":1,"15":1,"16":1,"17":0,"18":0},"f":{"0":2,"1":2,"2":2,"3":1,"4":0,"5":2},"b":{"0":[0,2],"1":[0,2],"2":[1,0]},"_coverageSchema":"332fd63041d2c1bcb487cc26dd0d5f7d97098a6c","hash":"500d32b2cd17b513a26de8cc2347d9a261738d91"}
,"/Users/ryanhansen/Documents/elevatejs/redux-rtc/src/connect/rooms.js": {"path":"/Users/ryanhansen/Documents/elevatejs/redux-rtc/src/connect/rooms.js","statementMap":{"0":{"start":{"line":1,"column":16},"end":{"line":1,"column":36}},"1":{"start":{"line":2,"column":21},"end":{"line":2,"column":48}},"2":{"start":{"line":4,"column":17},"end":{"line":4,"column":74}},"3":{"start":{"line":4,"column":23},"end":{"line":4,"column":74}},"4":{"start":{"line":6,"column":19},"end":{"line":17,"column":6}},"5":{"start":{"line":7,"column":4},"end":{"line":17,"column":6}},"6":{"start":{"line":11,"column":39},"end":{"line":11,"column":49}},"7":{"start":{"line":13,"column":8},"end":{"line":13,"column":55}},"8":{"start":{"line":13,"column":23},"end":{"line":13,"column":53}},"9":{"start":{"line":15,"column":8},"end":{"line":16,"column":32}},"10":{"start":{"line":16,"column":20},"end":{"line":16,"column":30}},"11":{"start":{"line":19,"column":18},"end":{"line":27,"column":7}},"12":{"start":{"line":20,"column":4},"end":{"line":27,"column":7}},"13":{"start":{"line":22,"column":8},"end":{"line":22,"column":88}},"14":{"start":{"line":22,"column":49},"end":{"line":22,"column":88}},"15":{"start":{"line":23,"column":8},"end":{"line":23,"column":27}},"16":{"start":{"line":25,"column":25},"end":{"line":27,"column":6}},"17":{"start":{"line":29,"column":17},"end":{"line":36,"column":1}},"18":{"start":{"line":30,"column":4},"end":{"line":30,"column":29}},"19":{"start":{"line":31,"column":4},"end":{"line":35,"column":28}},"20":{"start":{"line":35,"column":17},"end":{"line":35,"column":27}},"21":{"start":{"line":38,"column":17},"end":{"line":44,"column":6}},"22":{"start":{"line":39,"column":4},"end":{"line":44,"column":6}},"23":{"start":{"line":40,"column":17},"end":{"line":40,"column":27}},"24":{"start":{"line":42,"column":8},"end":{"line":42,"column":57}},"25":{"start":{"line":42,"column":18},"end":{"line":42,"column":57}},"26":{"start":{"line":43,"column":8},"end":{"line":43,"column":40}},"27":{"start":{"line":46,"column":19},"end":{"line":52,"column":1}},"28":{"start":{"line":48,"column":17},"end":{"line":48,"column":37}},"29":{"start":{"line":49,"column":4},"end":{"line":49,"column":47}},"30":{"start":{"line":50,"column":4},"end":{"line":50,"column":72}},"31":{"start":{"line":51,"column":4},"end":{"line":51,"column":18}},"32":{"start":{"line":54,"column":0},"end":{"line":60,"column":1}}},"fnMap":{"0":{"name":"(anonymous_0)","decl":{"start":{"line":4,"column":17},"end":{"line":4,"column":18}},"loc":{"start":{"line":4,"column":23},"end":{"line":4,"column":74}}},"1":{"name":"(anonymous_1)","decl":{"start":{"line":6,"column":19},"end":{"line":6,"column":20}},"loc":{"start":{"line":7,"column":4},"end":{"line":17,"column":6}}},"2":{"name":"(anonymous_2)","decl":{"start":{"line":10,"column":10},"end":{"line":10,"column":11}},"loc":{"start":{"line":10,"column":24},"end":{"line":17,"column":5}}},"3":{"name":"(anonymous_3)","decl":{"start":{"line":13,"column":17},"end":{"line":13,"column":18}},"loc":{"start":{"line":13,"column":23},"end":{"line":13,"column":53}}},"4":{"name":"(anonymous_4)","decl":{"start":{"line":16,"column":14},"end":{"line":16,"column":15}},"loc":{"start":{"line":16,"column":20},"end":{"line":16,"column":30}}},"5":{"name":"(anonymous_5)","decl":{"start":{"line":19,"column":18},"end":{"line":19,"column":19}},"loc":{"start":{"line":20,"column":4},"end":{"line":27,"column":7}}},"6":{"name":"(anonymous_6)","decl":{"start":{"line":21,"column":10},"end":{"line":21,"column":11}},"loc":{"start":{"line":21,"column":27},"end":{"line":24,"column":5}}},"7":{"name":"(anonymous_7)","decl":{"start":{"line":25,"column":10},"end":{"line":25,"column":11}},"loc":{"start":{"line":25,"column":25},"end":{"line":27,"column":6}}},"8":{"name":"(anonymous_8)","decl":{"start":{"line":29,"column":17},"end":{"line":29,"column":18}},"loc":{"start":{"line":29,"column":38},"end":{"line":36,"column":1}}},"9":{"name":"(anonymous_9)","decl":{"start":{"line":35,"column":10},"end":{"line":35,"column":11}},"loc":{"start":{"line":35,"column":17},"end":{"line":35,"column":27}}},"10":{"name":"(anonymous_10)","decl":{"start":{"line":38,"column":17},"end":{"line":38,"column":18}},"loc":{"start":{"line":39,"column":4},"end":{"line":44,"column":6}}},"11":{"name":"(anonymous_11)","decl":{"start":{"line":40,"column":10},"end":{"line":40,"column":11}},"loc":{"start":{"line":40,"column":17},"end":{"line":40,"column":27}}},"12":{"name":"(anonymous_12)","decl":{"start":{"line":41,"column":10},"end":{"line":41,"column":11}},"loc":{"start":{"line":41,"column":17},"end":{"line":44,"column":5}}},"13":{"name":"(anonymous_13)","decl":{"start":{"line":46,"column":19},"end":{"line":46,"column":20}},"loc":{"start":{"line":46,"column":27},"end":{"line":52,"column":1}}}},"branchMap":{"0":{"loc":{"start":{"line":22,"column":8},"end":{"line":22,"column":88}},"type":"if","locations":[{"start":{"line":22,"column":8},"end":{"line":22,"column":88}},{"start":{"line":22,"column":8},"end":{"line":22,"column":88}}]},"1":{"loc":{"start":{"line":22,"column":12},"end":{"line":22,"column":47}},"type":"binary-expr","locations":[{"start":{"line":22,"column":12},"end":{"line":22,"column":24}},{"start":{"line":22,"column":28},"end":{"line":22,"column":47}}]},"2":{"loc":{"start":{"line":42,"column":8},"end":{"line":42,"column":57}},"type":"if","locations":[{"start":{"line":42,"column":8},"end":{"line":42,"column":57}},{"start":{"line":42,"column":8},"end":{"line":42,"column":57}}]}},"s":{"0":2,"1":2,"2":2,"3":5,"4":2,"5":2,"6":1,"7":1,"8":0,"9":1,"10":1,"11":2,"12":2,"13":1,"14":0,"15":1,"16":1,"17":2,"18":1,"19":1,"20":1,"21":2,"22":3,"23":3,"24":3,"25":2,"26":1,"27":2,"28":1,"29":1,"30":1,"31":1,"32":2},"f":{"0":5,"1":2,"2":1,"3":0,"4":1,"5":2,"6":1,"7":1,"8":1,"9":1,"10":3,"11":3,"12":3,"13":1},"b":{"0":[0,1],"1":[1,1],"2":[2,1]},"_coverageSchema":"332fd63041d2c1bcb487cc26dd0d5f7d97098a6c","hash":"f42c2d2c00d1eafed7d1d1fa16b22bd5c3ee44cc"}
,"/Users/ryanhansen/Documents/elevatejs/redux-rtc/src/middleware/middleware.js": {"path":"/Users/ryanhansen/Documents/elevatejs/redux-rtc/src/middleware/middleware.js","statementMap":{"0":{"start":{"line":1,"column":18},"end":{"line":1,"column":37}},"1":{"start":{"line":3,"column":13},"end":{"line":3,"column":15}},"2":{"start":{"line":5,"column":18},"end":{"line":29,"column":1}},"3":{"start":{"line":5,"column":46},"end":{"line":29,"column":1}},"4":{"start":{"line":5,"column":54},"end":{"line":29,"column":1}},"5":{"start":{"line":7,"column":4},"end":{"line":7,"column":72}},"6":{"start":{"line":7,"column":38},"end":{"line":7,"column":72}},"7":{"start":{"line":9,"column":4},"end":{"line":26,"column":5}},"8":{"start":{"line":10,"column":8},"end":{"line":10,"column":33}},"9":{"start":{"line":11,"column":8},"end":{"line":11,"column":37}},"10":{"start":{"line":13,"column":22},"end":{"line":13,"column":32}},"11":{"start":{"line":15,"column":8},"end":{"line":17,"column":9}},"12":{"start":{"line":16,"column":12},"end":{"line":16,"column":82}},"13":{"start":{"line":19,"column":21},"end":{"line":19,"column":45}},"14":{"start":{"line":20,"column":8},"end":{"line":25,"column":9}},"15":{"start":{"line":21,"column":12},"end":{"line":21,"column":44}},"16":{"start":{"line":21,"column":30},"end":{"line":21,"column":42}},"17":{"start":{"line":22,"column":12},"end":{"line":22,"column":24}},"18":{"start":{"line":24,"column":12},"end":{"line":24,"column":57}},"19":{"start":{"line":28,"column":4},"end":{"line":28,"column":24}},"20":{"start":{"line":31,"column":0},"end":{"line":31,"column":27}}},"fnMap":{"0":{"name":"(anonymous_0)","decl":{"start":{"line":5,"column":18},"end":{"line":5,"column":19}},"loc":{"start":{"line":5,"column":46},"end":{"line":29,"column":1}}},"1":{"name":"(anonymous_1)","decl":{"start":{"line":5,"column":46},"end":{"line":5,"column":47}},"loc":{"start":{"line":5,"column":54},"end":{"line":29,"column":1}}},"2":{"name":"(anonymous_2)","decl":{"start":{"line":5,"column":54},"end":{"line":5,"column":55}},"loc":{"start":{"line":5,"column":64},"end":{"line":29,"column":1}}},"3":{"name":"(anonymous_3)","decl":{"start":{"line":21,"column":23},"end":{"line":21,"column":24}},"loc":{"start":{"line":21,"column":30},"end":{"line":21,"column":42}}}},"branchMap":{"0":{"loc":{"start":{"line":7,"column":4},"end":{"line":7,"column":72}},"type":"if","locations":[{"start":{"line":7,"column":4},"end":{"line":7,"column":72}},{"start":{"line":7,"column":4},"end":{"line":7,"column":72}}]},"1":{"loc":{"start":{"line":9,"column":4},"end":{"line":26,"column":5}},"type":"if","locations":[{"start":{"line":9,"column":4},"end":{"line":26,"column":5}},{"start":{"line":9,"column":4},"end":{"line":26,"column":5}}]},"2":{"loc":{"start":{"line":9,"column":8},"end":{"line":9,"column":34}},"type":"binary-expr","locations":[{"start":{"line":9,"column":8},"end":{"line":9,"column":14}},{"start":{"line":9,"column":18},"end":{"line":9,"column":34}}]},"3":{"loc":{"start":{"line":15,"column":8},"end":{"line":17,"column":9}},"type":"if","locations":[{"start":{"line":15,"column":8},"end":{"line":17,"column":9}},{"start":{"line":15,"column":8},"end":{"line":17,"column":9}}]},"4":{"loc":{"start":{"line":20,"column":8},"end":{"line":25,"column":9}},"type":"if","locations":[{"start":{"line":20,"column":8},"end":{"line":25,"column":9}},{"start":{"line":20,"column":8},"end":{"line":25,"column":9}}]},"5":{"loc":{"start":{"line":20,"column":12},"end":{"line":20,"column":51}},"type":"binary-expr","locations":[{"start":{"line":20,"column":12},"end":{"line":20,"column":16}},{"start":{"line":20,"column":20},"end":{"line":20,"column":51}}]}},"s":{"0":3,"1":3,"2":3,"3":9,"4":9,"5":13,"6":1,"7":12,"8":3,"9":3,"10":3,"11":3,"12":1,"13":3,"14":3,"15":1,"16":1,"17":1,"18":2,"19":12,"20":3},"f":{"0":9,"1":9,"2":13,"3":1},"b":{"0":[1,12],"1":[3,9],"2":[12,12],"3":[1,2],"4":[1,2],"5":[3,2]},"_coverageSchema":"332fd63041d2c1bcb487cc26dd0d5f7d97098a6c","hash":"a1f47ead4e55c6759b0515e9ea19dd4cd2699a0d"}
,"/Users/ryanhansen/Documents/elevatejs/redux-rtc/src/reducer/reducer.js": {"path":"/Users/ryanhansen/Documents/elevatejs/redux-rtc/src/reducer/reducer.js","statementMap":{"0":{"start":{"line":1,"column":18},"end":{"line":1,"column":37}},"1":{"start":{"line":2,"column":16},"end":{"line":2,"column":45}},"2":{"start":{"line":4,"column":17},"end":{"line":5,"column":70}},"3":{"start":{"line":5,"column":4},"end":{"line":5,"column":70}},"4":{"start":{"line":7,"column":24},"end":{"line":13,"column":2}},"5":{"start":{"line":7,"column":36},"end":{"line":13,"column":1}},"6":{"start":{"line":38,"column":19},"end":{"line":61,"column":1}},"7":{"start":{"line":39,"column":18},"end":{"line":39,"column":36}},"8":{"start":{"line":40,"column":4},"end":{"line":60,"column":5}},"9":{"start":{"line":41,"column":28},"end":{"line":43,"column":11}},"10":{"start":{"line":44,"column":27},"end":{"line":48,"column":11}},"11":{"start":{"line":49,"column":29},"end":{"line":53,"column":11}},"12":{"start":{"line":54,"column":26},"end":{"line":58,"column":11}},"13":{"start":{"line":59,"column":17},"end":{"line":59,"column":30}},"14":{"start":{"line":63,"column":0},"end":{"line":63,"column":28}}},"fnMap":{"0":{"name":"(anonymous_0)","decl":{"start":{"line":4,"column":17},"end":{"line":4,"column":18}},"loc":{"start":{"line":5,"column":4},"end":{"line":5,"column":70}}},"1":{"name":"(anonymous_1)","decl":{"start":{"line":7,"column":24},"end":{"line":7,"column":25}},"loc":{"start":{"line":7,"column":36},"end":{"line":13,"column":1}}},"2":{"name":"(anonymous_2)","decl":{"start":{"line":38,"column":19},"end":{"line":38,"column":20}},"loc":{"start":{"line":38,"column":56},"end":{"line":61,"column":1}}}},"branchMap":{"0":{"loc":{"start":{"line":5,"column":4},"end":{"line":5,"column":70}},"type":"binary-expr","locations":[{"start":{"line":5,"column":4},"end":{"line":5,"column":35}},{"start":{"line":5,"column":39},"end":{"line":5,"column":62}},{"start":{"line":5,"column":66},"end":{"line":5,"column":70}}]},"1":{"loc":{"start":{"line":8,"column":11},"end":{"line":8,"column":42}},"type":"binary-expr","locations":[{"start":{"line":8,"column":11},"end":{"line":8,"column":34}},{"start":{"line":8,"column":38},"end":{"line":8,"column":42}}]},"2":{"loc":{"start":{"line":9,"column":10},"end":{"line":9,"column":40}},"type":"binary-expr","locations":[{"start":{"line":9,"column":10},"end":{"line":9,"column":32}},{"start":{"line":9,"column":36},"end":{"line":9,"column":40}}]},"3":{"loc":{"start":{"line":10,"column":13},"end":{"line":10,"column":44}},"type":"binary-expr","locations":[{"start":{"line":10,"column":13},"end":{"line":10,"column":38}},{"start":{"line":10,"column":42},"end":{"line":10,"column":44}}]},"4":{"loc":{"start":{"line":11,"column":13},"end":{"line":11,"column":47}},"type":"binary-expr","locations":[{"start":{"line":11,"column":13},"end":{"line":11,"column":38}},{"start":{"line":11,"column":42},"end":{"line":11,"column":47}}]},"5":{"loc":{"start":{"line":38,"column":20},"end":{"line":38,"column":43}},"type":"default-arg","locations":[{"start":{"line":38,"column":26},"end":{"line":38,"column":43}}]},"6":{"loc":{"start":{"line":40,"column":4},"end":{"line":60,"column":5}},"type":"switch","locations":[{"start":{"line":41,"column":8},"end":{"line":43,"column":11}},{"start":{"line":44,"column":8},"end":{"line":48,"column":11}},{"start":{"line":49,"column":8},"end":{"line":53,"column":11}},{"start":{"line":54,"column":8},"end":{"line":58,"column":11}},{"start":{"line":59,"column":8},"end":{"line":59,"column":30}}]}},"s":{"0":3,"1":3,"2":3,"3":32,"4":3,"5":32,"6":3,"7":27,"8":27,"9":5,"10":4,"11":2,"12":3,"13":13,"14":3},"f":{"0":32,"1":32,"2":27},"b":{"0":[32,30,29],"1":[32,27],"2":[32,27],"3":[32,26],"4":[32,27],"5":[18],"6":[5,4,2,3,13]},"_coverageSchema":"332fd63041d2c1bcb487cc26dd0d5f7d97098a6c","hash":"3f9cee66c67cfca81e61cebb2db8a753872a570b"}
,"/Users/ryanhansen/Documents/elevatejs/redux-rtc/src/utils/browser.js": {"path":"/Users/ryanhansen/Documents/elevatejs/redux-rtc/src/utils/browser.js","statementMap":{"0":{"start":{"line":1,"column":17},"end":{"line":1,"column":36}},"1":{"start":{"line":3,"column":17},"end":{"line":8,"column":5}},"2":{"start":{"line":4,"column":4},"end":{"line":8,"column":5}},"3":{"start":{"line":4,"column":22},"end":{"line":4,"column":59}},"4":{"start":{"line":6,"column":15},"end":{"line":6,"column":29}},"5":{"start":{"line":10,"column":0},"end":{"line":12,"column":1}}},"fnMap":{"0":{"name":"(anonymous_0)","decl":{"start":{"line":3,"column":17},"end":{"line":3,"column":18}},"loc":{"start":{"line":4,"column":4},"end":{"line":8,"column":5}}},"1":{"name":"(anonymous_1)","decl":{"start":{"line":4,"column":16},"end":{"line":4,"column":17}},"loc":{"start":{"line":4,"column":22},"end":{"line":4,"column":59}}},"2":{"name":"(anonymous_2)","decl":{"start":{"line":6,"column":8},"end":{"line":6,"column":9}},"loc":{"start":{"line":6,"column":15},"end":{"line":6,"column":29}}},"3":{"name":"(anonymous_3)","decl":{"start":{"line":7,"column":8},"end":{"line":7,"column":9}},"loc":{"start":{"line":7,"column":14},"end":{"line":7,"column":16}}}},"branchMap":{},"s":{"0":3,"1":3,"2":3,"3":3,"4":1,"5":3},"f":{"0":3,"1":3,"2":1,"3":2},"b":{},"_coverageSchema":"332fd63041d2c1bcb487cc26dd0d5f7d97098a6c","hash":"4cb91018fcca6451efb747e3118399cb0bba805b"}
}
