TN:
SF:/Users/ryanhansen/Documents/elevatejs/redux-rtc/src/index.js
FNF:0
FNH:0
DA:1,2
DA:3,2
DA:4,2
DA:5,2
DA:7,2
LF:5
LH:5
BRF:0
BRH:0
end_of_record
TN:
SF:/Users/ryanhansen/Documents/elevatejs/redux-rtc/src/actions/actions.js
FN:1,(anonymous_0)
FN:1,(anonymous_1)
FN:5,(anonymous_2)
FNF:3
FNH:3
FNDA:12,(anonymous_0)
FNDA:14,(anonymous_1)
FNDA:3,(anonymous_2)
DA:1,14
DA:5,3
DA:6,3
DA:7,3
DA:8,3
DA:9,3
DA:10,3
DA:13,3
DA:20,3
LF:9
LH:9
BRF:0
BRH:0
end_of_record
TN:
SF:/Users/ryanhansen/Documents/elevatejs/redux-rtc/src/actions/thunks.js
FN:4,(anonymous_0)
FN:5,(anonymous_1)
FN:6,(anonymous_2)
FN:11,(anonymous_3)
FN:12,(anonymous_4)
FN:18,(anonymous_5)
FN:24,(anonymous_6)
FN:25,(anonymous_7)
FN:26,(anonymous_8)
FN:31,(anonymous_9)
FN:32,(anonymous_10)
FN:38,(anonymous_11)
FNF:12
FNH:8
FNDA:2,(anonymous_0)
FNDA:2,(anonymous_1)
FNDA:0,(anonymous_2)
FNDA:1,(anonymous_3)
FNDA:0,(anonymous_4)
FNDA:1,(anonymous_5)
FNDA:2,(anonymous_6)
FNDA:2,(anonymous_7)
FNDA:0,(anonymous_8)
FNDA:1,(anonymous_9)
FNDA:0,(anonymous_10)
FNDA:1,(anonymous_11)
DA:1,2
DA:2,2
DA:4,2
DA:5,2
DA:6,2
DA:8,2
DA:10,2
DA:12,1
DA:13,1
DA:19,1
DA:24,2
DA:25,2
DA:26,2
DA:28,2
DA:30,2
DA:32,1
DA:33,1
DA:39,1
DA:44,2
LF:19
LH:19
BRF:0
BRH:0
end_of_record
TN:
SF:/Users/ryanhansen/Documents/elevatejs/redux-rtc/src/connect/connect.js
FN:12,(anonymous_0)
FN:22,(anonymous_1)
FN:25,(anonymous_2)
FN:29,(anonymous_3)
FN:34,(anonymous_4)
FN:37,(anonymous_5)
FN:37,(anonymous_6)
FN:37,(anonymous_7)
FN:55,(anonymous_8)
FNF:9
FNH:9
FNDA:3,(anonymous_0)
FNDA:1,(anonymous_1)
FNDA:1,(anonymous_2)
FNDA:1,(anonymous_3)
FNDA:1,(anonymous_4)
FNDA:3,(anonymous_5)
FNDA:3,(anonymous_6)
FNDA:3,(anonymous_7)
FNDA:1,(anonymous_8)
DA:1,2
DA:2,2
DA:4,2
DA:10,2
DA:13,3
DA:14,3
DA:15,3
DA:16,3
DA:17,3
DA:23,1
DA:26,1
DA:27,1
DA:33,2
DA:34,2
DA:37,3
DA:38,3
DA:39,3
DA:41,2
DA:42,2
DA:44,2
DA:49,2
DA:51,2
DA:52,1
DA:53,1
DA:55,1
DA:58,1
DA:59,1
DA:60,1
DA:64,2
LF:29
LH:29
BRDA:10,0,0,2
BRDA:10,0,1,0
BRDA:16,1,0,2
BRDA:16,1,1,1
BRDA:39,2,0,1
BRDA:39,2,1,2
BRDA:49,3,0,2
BRDA:49,3,1,0
BRDA:51,4,0,1
BRDA:51,4,1,1
BRF:10
BRH:8
end_of_record
TN:
SF:/Users/ryanhansen/Documents/elevatejs/redux-rtc/src/connect/init.js
FN:7,(anonymous_0)
FN:12,(anonymous_1)
FN:17,(anonymous_2)
FN:20,(anonymous_3)
FN:26,(anonymous_4)
FN:26,(anonymous_5)
FNF:6
FNH:5
FNDA:2,(anonymous_0)
FNDA:2,(anonymous_1)
FNDA:2,(anonymous_2)
FNDA:1,(anonymous_3)
FNDA:0,(anonymous_4)
FNDA:2,(anonymous_5)
DA:1,2
DA:3,2
DA:7,2
DA:8,2
DA:10,2
DA:12,2
DA:13,2
DA:14,2
DA:15,2
DA:18,2
DA:19,2
DA:20,2
DA:21,1
DA:22,1
DA:23,0
DA:26,0
LF:16
LH:14
BRDA:8,0,0,0
BRDA:8,0,1,2
BRDA:10,1,0,0
BRDA:10,1,1,2
BRDA:22,2,0,1
BRDA:22,2,1,0
BRF:6
BRH:3
end_of_record
TN:
SF:/Users/ryanhansen/Documents/elevatejs/redux-rtc/src/connect/rooms.js
FN:4,(anonymous_0)
FN:6,(anonymous_1)
FN:10,(anonymous_2)
FN:13,(anonymous_3)
FN:16,(anonymous_4)
FN:19,(anonymous_5)
FN:21,(anonymous_6)
FN:25,(anonymous_7)
FN:29,(anonymous_8)
FN:35,(anonymous_9)
FN:38,(anonymous_10)
FN:40,(anonymous_11)
FN:41,(anonymous_12)
FN:46,(anonymous_13)
FNF:14
FNH:13
FNDA:5,(anonymous_0)
FNDA:2,(anonymous_1)
FNDA:1,(anonymous_2)
FNDA:0,(anonymous_3)
FNDA:1,(anonymous_4)
FNDA:2,(anonymous_5)
FNDA:1,(anonymous_6)
FNDA:1,(anonymous_7)
FNDA:1,(anonymous_8)
FNDA:1,(anonymous_9)
FNDA:3,(anonymous_10)
FNDA:3,(anonymous_11)
FNDA:3,(anonymous_12)
FNDA:1,(anonymous_13)
DA:1,2
DA:2,2
DA:4,5
DA:6,2
DA:7,2
DA:11,1
DA:13,1
DA:15,1
DA:16,1
DA:19,2
DA:20,2
DA:22,1
DA:23,1
DA:25,1
DA:29,2
DA:30,1
DA:31,1
DA:35,1
DA:38,2
DA:39,3
DA:40,3
DA:42,3
DA:43,1
DA:46,2
DA:48,1
DA:49,1
DA:50,1
DA:51,1
DA:54,2
LF:29
LH:29
BRDA:22,0,0,0
BRDA:22,0,1,1
BRDA:22,1,0,1
BRDA:22,1,1,1
BRDA:42,2,0,2
BRDA:42,2,1,1
BRF:6
BRH:5
end_of_record
TN:
SF:/Users/ryanhansen/Documents/elevatejs/redux-rtc/src/middleware/middleware.js
FN:5,(anonymous_0)
FN:5,(anonymous_1)
FN:5,(anonymous_2)
FN:21,(anonymous_3)
FNF:4
FNH:4
FNDA:9,(anonymous_0)
FNDA:9,(anonymous_1)
FNDA:13,(anonymous_2)
FNDA:1,(anonymous_3)
DA:1,3
DA:3,3
DA:5,9
DA:7,13
DA:9,12
DA:10,3
DA:11,3
DA:13,3
DA:15,3
DA:16,1
DA:19,3
DA:20,3
DA:21,1
DA:22,1
DA:24,2
DA:28,12
DA:31,3
LF:17
LH:17
BRDA:7,0,0,1
BRDA:7,0,1,12
BRDA:9,1,0,3
BRDA:9,1,1,9
BRDA:9,2,0,12
BRDA:9,2,1,12
BRDA:15,3,0,1
BRDA:15,3,1,2
BRDA:20,4,0,1
BRDA:20,4,1,2
BRDA:20,5,0,3
BRDA:20,5,1,2
BRF:12
BRH:12
end_of_record
TN:
SF:/Users/ryanhansen/Documents/elevatejs/redux-rtc/src/reducer/reducer.js
FN:4,(anonymous_0)
FN:7,(anonymous_1)
FN:38,(anonymous_2)
FNF:3
FNH:3
FNDA:32,(anonymous_0)
FNDA:32,(anonymous_1)
FNDA:27,(anonymous_2)
DA:1,3
DA:2,3
DA:4,3
DA:5,32
DA:7,32
DA:38,3
DA:39,27
DA:40,27
DA:41,5
DA:44,4
DA:49,2
DA:54,3
DA:59,13
DA:63,3
LF:14
LH:14
BRDA:5,0,0,32
BRDA:5,0,1,30
BRDA:5,0,2,29
BRDA:8,1,0,32
BRDA:8,1,1,27
BRDA:9,2,0,32
BRDA:9,2,1,27
BRDA:10,3,0,32
BRDA:10,3,1,26
BRDA:11,4,0,32
BRDA:11,4,1,27
BRDA:38,5,0,18
BRDA:40,6,0,5
BRDA:40,6,1,4
BRDA:40,6,2,2
BRDA:40,6,3,3
BRDA:40,6,4,13
BRF:17
BRH:17
end_of_record
TN:
SF:/Users/ryanhansen/Documents/elevatejs/redux-rtc/src/utils/browser.js
FN:3,(anonymous_0)
FN:4,(anonymous_1)
FN:6,(anonymous_2)
FN:7,(anonymous_3)
FNF:4
FNH:4
FNDA:3,(anonymous_0)
FNDA:3,(anonymous_1)
FNDA:1,(anonymous_2)
FNDA:2,(anonymous_3)
DA:1,3
DA:3,3
DA:4,3
DA:6,1
DA:10,3
LF:5
LH:5
BRF:0
BRH:0
end_of_record
